Error: too many values to unpack (expected 3)
Error: too many values to unpack (expected 3)
Error: too many values to unpack (expected 3)
Error: too many values to unpack (expected 3)
Error: too many values to unpack (expected 3)
Error: too many values to unpack (expected 3)
Error: too many values to unpack (expected 3)
Error: too many values to unpack (expected 3)
Error: too many values to unpack (expected 3)
Error: too many values to unpack (expected 3)
Error: too many values to unpack (expected 3)
Error: too many values to unpack (expected 3)
Error: too many values to unpack (expected 3)
Error: too many values to unpack (expected 3)
Error: too many values to unpack (expected 3)
Error: too many values to unpack (expected 3)
Error: too many values to unpack (expected 3)
Error: too many values to unpack (expected 3)
Error: too many values to unpack (expected 3)
Error: too many values to unpack (expected 3)
Error: too many values to unpack (expected 3)
Error: too many values to unpack (expected 3)
Error: too many values to unpack (expected 3)
Error: too many values to unpack (expected 3)
Error: too many values to unpack (expected 3)
Error: too many values to unpack (expected 3)
Error: too many values to unpack (expected 3)
Error: too many values to unpack (expected 3)
Error: too many values to unpack (expected 3)
Error: too many values to unpack (expected 3)
Error: too many values to unpack (expected 3)
Error: too many values to unpack (expected 3)
Error: too many values to unpack (expected 3)
Error: too many values to unpack (expected 3)
Error: too many values to unpack (expected 3)
Error: too many values to unpack (expected 3)
Error: too many values to unpack (expected 3)
Error: too many values to unpack (expected 3)
Error: too many values to unpack (expected 3)
Error: too many values to unpack (expected 3)
Error: too many values to unpack (expected 3)
Error: too many values to unpack (expected 3)
Error: too many values to unpack (expected 3)
Error: too many values to unpack (expected 3)
Error: too many values to unpack (expected 3)
Error: too many values to unpack (expected 3)
Error: too many values to unpack (expected 3)
Error: too many values to unpack (expected 3)
Error: too many values to unpack (expected 3)
Error: too many values to unpack (expected 3)
Error: too many values to unpack (expected 3)
Error: too many values to unpack (expected 3)
Error: too many values to unpack (expected 3)
Error: too many values to unpack (expected 3)
Error: too many values to unpack (expected 3)
Error: too many values to unpack (expected 3)
Error: too many values to unpack (expected 3)
Error: too many values to unpack (expected 3)
Error: too many values to unpack (expected 3)
Error: too many values to unpack (expected 3)
Error: too many values to unpack (expected 3)
Error: too many values to unpack (expected 3)
Error: too many values to unpack (expected 3)
Error: too many values to unpack (expected 3)
Error: too many values to unpack (expected 3)
Error: too many values to unpack (expected 3)
Error: too many values to unpack (expected 3)
Error: too many values to unpack (expected 3)
Error: too many values to unpack (expected 3)
Error: too many values to unpack (expected 3)
Error: too many values to unpack (expected 3)
Error: too many values to unpack (expected 3)
Error: too many values to unpack (expected 3)
Error: too many values to unpack (expected 3)
Error: too many values to unpack (expected 3)
Error: too many values to unpack (expected 3)
Error: too many values to unpack (expected 3)
Error: too many values to unpack (expected 3)
Error: too many values to unpack (expected 3)
Error: too many values to unpack (expected 3)
Error: too many values to unpack (expected 3)
Error: too many values to unpack (expected 3)
Error: too many values to unpack (expected 3)
Error: too many values to unpack (expected 3)
Error: too many values to unpack (expected 3)
Error: too many values to unpack (expected 3)
Error: too many values to unpack (expected 3)
Error: too many values to unpack (expected 3)
Error: too many values to unpack (expected 3)
Error: too many values to unpack (expected 3)
Error: too many values to unpack (expected 3)
Error: too many values to unpack (expected 3)
Error: too many values to unpack (expected 3)
Error: too many values to unpack (expected 3)
Error: too many values to unpack (expected 3)
Error: too many values to unpack (expected 3)
Error: too many values to unpack (expected 3)
Name: AMC电影台, URL: https://stream1.freetv.fun/amcdian-ying-2.m3u8, Date: None, Resolution: None, Response Time: 60 ms
Name: TVB翡翠剧集, URL: http://aktv.top/AKTV/live/aktv/null-18/AKTV.m3u8$1920x1080, Date: None, Resolution: 1920x1080, Response Time: 150 ms
Name: TVB明珠剧集, URL: http://aktv.top/AKTV/live/aktv/null-19/AKTV.m3u8$1920x1080, Date: None, Resolution: 1920x1080, Response Time: 150 ms
Name: 八大戏剧台, URL: https://stream1.freetv.fun/6b1701a07ea621155cdaa9ee604b6c6ebc763093fafaf493ce7a3c2e206be799.m3u8, Date: None, Resolution: None, Response Time: 60 ms
Name: 八大戏剧台, URL: https://stream1.freetv.fun/ba-da-xi-ju-1.m3u8, Date: None, Resolution: None, Response Time: 60 ms
Name: 东森电影台, URL: https://stream1.freetv.fun/dong-sen-dian-ying-3.m3u8, Date: None, Resolution: None, Response Time: 60 ms
Name: 东森电影台, URL: https://stream1.freetv.fun/dong-sen-dian-ying-4.m3u8, Date: None, Resolution: None, Response Time: 60 ms
Name: 东森电影台, URL: https://stream1.freetv.fun/dong-sen-dian-ying-1.m3u8, Date: None, Resolution: None, Response Time: 60 ms
Name: 东森电影台, URL: https://stream1.freetv.fun/dong-sen-dian-ying-2.m3u8, Date: None, Resolution: None, Response Time: 60 ms
Name: 东森电影台, URL: https://stream1.freetv.fun/dong-sen-dian-ying-7.ctv, Date: None, Resolution: None, Response Time: 60 ms
Name: 东森电影台, URL: https://bsex.serv00.net/Smart.php?id=ettvmovie, Date: None, Resolution: None, Response Time: 422 ms
Name: 东森戏剧台, URL: http://cookies.elementfx.com/chaojidianshi/chaojidianshi.php?id=ettvdrama, Date: None, Resolution: None, Response Time: 388 ms
Name: 公视戏剧台, URL: https://stream1.freetv.fun/gong-shi-xi-ju-1.ctv, Date: None, Resolution: None, Response Time: 60 ms
Name: 龙华电影台, URL: http://37.27.111.214:8080/live/19/hls.m3u8$1920x1080, Date: None, Resolution: 1920x1080, Response Time: 150 ms
Name: 龙华电影台, URL: https://stream1.freetv.fun/1178a02eb676ee58293691fdc19fed767b2dc61d866c1fee41447a8503ec0253.m3u8, Date: None, Resolution: None, Response Time: 60 ms
Name: 龙华电影台, URL: https://stream1.freetv.fun/long-hua-dian-ying-1.m3u8, Date: None, Resolution: None, Response Time: 60 ms
Name: 龙华戏剧台, URL: http://ku9.fr.to/smt.php?id=lunghuaxiju_twn$1920x1080, Date: None, Resolution: 1920x1080, Response Time: 150 ms
Name: 龙华戏剧台, URL: https://stream1.freetv.fun/long-hua-xi-ju-4.ctv, Date: None, Resolution: None, Response Time: 60 ms
Name: 龙华戏剧台, URL: https://stream1.freetv.fun/long-hua-xi-ju-5.m3u8, Date: None, Resolution: None, Response Time: 60 ms
Name: 美亚电影台, URL: https://stream1.freetv.fun/mei-ya-dian-ying-2.ctv, Date: None, Resolution: None, Response Time: 60 ms
Name: 美亚电影台, URL: https://stream1.freetv.fun/mei-ya-dian-ying-5.ctv, Date: None, Resolution: None, Response Time: 60 ms
Name: 美亚电影台, URL: http://ku9.fr.to/smt.php?id=meiyamovie_twn$1920x1080, Date: None, Resolution: 1920x1080, Response Time: 150 ms
Name: 三立戏剧台, URL: https://stream1.freetv.fun/san-li-xi-ju-1.m3u8, Date: None, Resolution: None, Response Time: 60 ms
Name: 三立戏剧台, URL: http://ku9.fr.to/smt.php?id=sanlixiju_twn$1920x1080, Date: None, Resolution: 1920x1080, Response Time: 150 ms
Name: 三立戏剧台, URL: https://stream1.freetv.fun/san-li-xi-ju-4.m3u8, Date: None, Resolution: None, Response Time: 60 ms
Name: TVB星河, URL: https://tv.mytvsuper.xyz/tvb/xinghe/xinghe.m3u8, Date: None, Resolution: None, Response Time: 231 ms
Name: TVB星河台, URL: https://tv.mytvsuper.xyz/tvb/xinghe/xinghe.m3u8, Date: None, Resolution: None, Response Time: 231 ms
Name: TVBS欢乐台, URL: http://37.27.111.214:8080/live/24/hls.m3u8$1920x1080, Date: None, Resolution: 1920x1080, Response Time: 150 ms
Name: TVBS, URL: http://aktv.top/AKTV/live/aktv/tvbs/AKTV.m3u8$1920x1080, Date: None, Resolution: 1920x1080, Response Time: 150 ms
Name: 八大第一台, URL: http://cookies.elementfx.com/chaojidianshi/chaojidianshi.php?id=badafirst, Date: None, Resolution: None, Response Time: 388 ms
Name: 八大精彩台, URL: https://stream1.freetv.fun/ba-da-jing-cai-2.ctv, Date: None, Resolution: None, Response Time: 60 ms
Name: 八大精彩台, URL: https://stream1.freetv.fun/ba-da-jing-cai-1.ctv, Date: None, Resolution: None, Response Time: 60 ms
Name: 八大综合台, URL: https://stream1.freetv.fun/ba-da-zong-he-2.m3u8, Date: None, Resolution: None, Response Time: 60 ms
Name: 八大综合台, URL: https://stream1.freetv.fun/ba-da-zong-he-1.m3u8, Date: None, Resolution: None, Response Time: 60 ms
Name: 东森财经, URL: https://ghp.ci/https://raw.githubusercontent.com/ChiSheng9/iptv/refs/heads/master/TV03.m3u8, Date: None, Resolution: None, Response Time: 2023 ms
Name: 东森财经, URL: https://raw.githubusercontent.com/ChiSheng9/iptv/refs/heads/master/TV03.m3u8, Date: None, Resolution: None, Response Time: 28 ms
Name: 东森超视, URL: http://38.64.72.148:80/hls/modn/list/2013/chunklist0.m3u8$1920x1080, Date: None, Resolution: 1920x1080, Response Time: 150 ms
Name: 东森超视, URL: http://38.64.72.148:80/hls/modn/list/2013/chunklist1.m3u8$1920x1080, Date: None, Resolution: 1920x1080, Response Time: 150 ms
Name: 东森超视, URL: https://cdn.iptv8k.top/dl/jrys.php?id=216&time=20240926215313&ip=111.229.253.40$1920x1080, Date: None, Resolution: 1920x1080, Response Time: 300 ms
Name: 东森超视, URL: https://cdn.iptv8k.top/dl/jrys.php?id=217&time=20240926215313&ip=111.229.253.40$1920x1080, Date: None, Resolution: 1920x1080, Response Time: 300 ms
Name: 东森超视, URL: https://stream1.freetv.fun/dong-sen-chao-shi-6.m3u8, Date: None, Resolution: None, Response Time: 60 ms
Name: 东森超视, URL: https://stream1.freetv.fun/dong-sen-chao-shi-4.m3u8, Date: None, Resolution: None, Response Time: 60 ms
Name: 东森超视, URL: https://stream1.freetv.fun/dong-sen-chao-shi-9.m3u8, Date: None, Resolution: None, Response Time: 60 ms
Name: 东森超视, URL: https://stream1.freetv.fun/dong-sen-chao-shi-8.ctv, Date: None, Resolution: None, Response Time: 60 ms
Name: 东森超视, URL: https://stream1.freetv.fun/dong-sen-chao-shi-7.ctv, Date: None, Resolution: None, Response Time: 60 ms
Name: 东森新闻台, URL: https://stream1.freetv.fun/dong-sen-xin-wen-5.ctv, Date: None, Resolution: None, Response Time: 60 ms
Name: 东森新闻台, URL: https://stream1.freetv.fun/dong-sen-xin-wen-6.ctv, Date: None, Resolution: None, Response Time: 60 ms
Name: 东森新闻台, URL: https://stream1.freetv.fun/dong-sen-xin-wen-7.ctv, Date: None, Resolution: None, Response Time: 60 ms
Name: 东森新闻台, URL: https://stream1.freetv.fun/dong-sen-xin-wen-3.ctv, Date: None, Resolution: None, Response Time: 60 ms
Name: 东森新闻台, URL: http://37.27.111.214:8080/live/20/hls.m3u8$1920x1080, Date: None, Resolution: 1920x1080, Response Time: 150 ms
Name: 东森新闻台, URL: http://38.64.72.148:80/hls/modn/list/2015/chunklist0.m3u8$1920x1080, Date: None, Resolution: 1920x1080, Response Time: 150 ms
Name: 东森新闻台, URL: https://stream1.freetv.fun/dong-sen-xin-wen-2.m3u8, Date: None, Resolution: None, Response Time: 60 ms
Name: 东森新闻台, URL: https://stream1.freetv.fun/wei-lai-ti-yu-3.m3u8, Date: None, Resolution: None, Response Time: 60 ms
Name: 东森新闻台, URL: https://stream1.freetv.fun/dong-sen-xin-wen-9.m3u8, Date: None, Resolution: None, Response Time: 60 ms
Name: 东森新闻台, URL: https://stream1.freetv.fun/dong-sen-xin-wen-4.m3u8, Date: None, Resolution: None, Response Time: 60 ms
Name: 东森新闻台, URL: https://stream1.freetv.fun/dong-sen-mei-zhou-xin-wen-1.m3u8, Date: None, Resolution: None, Response Time: 60 ms
Name: 东森综合台, URL: https://cdn.iptv8k.top/dl/jrys.php?id=220&time=20240926215313&ip=111.229.253.40$1920x1080, Date: None, Resolution: 1920x1080, Response Time: 300 ms
Name: 东森综合台, URL: https://cdn.iptv8k.top/dl/jrys.php?id=221&time=20240926215313&ip=111.229.253.40$1920x1080, Date: None, Resolution: 1920x1080, Response Time: 300 ms
Name: 动物星球, URL: https://d18dyiwu97wm6q.cloudfront.net/playlist2160p.m3u8$3840x2160, Date: None, Resolution: 3840x2160, Response Time: 150 ms
Name: 动物星球, URL: https://stream1.freetv.fun/dong-wu-xing-qiu-1.m3u8, Date: None, Resolution: None, Response Time: 60 ms
Name: 动物星球, URL: https://stream1.freetv.fun/dong-wu-xing-qiu-4.m3u8, Date: None, Resolution: None, Response Time: 60 ms
Name: 番薯111, URL: http://61.216.67.119:1935/TWHG/E1/chunklist_w7058102.m3u8$1920x1080, Date: None, Resolution: 1920x1080, Response Time: 150 ms
Name: 番薯111, URL: http://61.216.67.119:1935/TWHG/E1/chunklist_w705811302.m3u8$1920x1080, Date: None, Resolution: 1920x1080, Response Time: 150 ms
Name: 番薯111, URL: http://61.216.67.119:1935/TWHG/E1/chunklist_w7058102.m3u8?blog.ntnas.top$1920x1080, Date: None, Resolution: 1920x1080, Response Time: 150 ms
Name: 番薯, URL: http://61.216.67.119:1935/TWHG/E1/chunklist_w705811302.m3u8$1920x1080, Date: None, Resolution: 1920x1080, Response Time: 150 ms
Name: 番薯, URL: http://61.216.67.119:1935/TWHG/E1/chunklist_w70581102.m3u8$1920x1080, Date: None, Resolution: 1920x1080, Response Time: 150 ms
Name: 番薯, URL: http://61.216.67.119:1935/TWHG/E1/chunklist_w7058102.m3u8$1920x1080, Date: None, Resolution: 1920x1080, Response Time: 150 ms
Name: 番薯台, URL: http://61.216.67.119:1935/TWHG/E1/chunklist_w705811302.m3u8$1920x1080, Date: None, Resolution: 1920x1080, Response Time: 150 ms
Name: 番薯台, URL: http://61.216.67.119:1935/TWHG/E1/chunklist_w70581102.m3u8$1920x1080, Date: None, Resolution: 1920x1080, Response Time: 150 ms
Name: 番薯台, URL: http://61.216.67.119:1935/TWHG/E1/chunklist_w7058102.m3u8$1920x1080, Date: None, Resolution: 1920x1080, Response Time: 150 ms
Name: 翡翠台, URL: http://r.jdshipin.com/qClQf, Date: None, Resolution: None, Response Time: 3407 ms
Name: 翡翠台, URL: http://r.jdshipin.com/qrfbg, Date: None, Resolution: None, Response Time: 3407 ms
Name: 翡翠台, URL: http://r.jdshipin.com/62WM7, Date: None, Resolution: None, Response Time: 3407 ms
Name: 翡翠台, URL: http://r.jdshipin.com/n90gt, Date: None, Resolution: None, Response Time: 3407 ms
Name: 翡翠台, URL: http://r.jdshipin.com/GeWKr?id=fct720, Date: None, Resolution: None, Response Time: 3407 ms
Name: 翡翠台, URL: https://stream1.freetv.fun/ba009d94229ed40a5d9289178463fba7aa31fb0622f8ab2d66c01147828743ab.m3u8, Date: None, Resolution: None, Response Time: 60 ms
Name: 翡翠台, URL: https://stream1.freetv.fun/fei-cui-2.ctv, Date: None, Resolution: None, Response Time: 60 ms
Name: 翡翠台, URL: http://r.jdshipin.com/GeWKr?id=fct406, Date: None, Resolution: None, Response Time: 3407 ms
Name: 翡翠台, URL: https://cdn.iptv8k.top/dl/jrys.php?id=3&time=20240926215313&ip=111.229.253.40$1920x1080, Date: None, Resolution: 1920x1080, Response Time: 300 ms
Name: 翡翠台, URL: https://cdn.iptv8k.top/dl/jrys.php?id=2&time=20240926215313&ip=111.229.253.40$1920x1080, Date: None, Resolution: 1920x1080, Response Time: 300 ms
Name: 翡翠台, URL: https://cdn.iptv8k.top/dl/jrys.php?id=1&time=20240926215313&ip=111.229.253.40$1920x1080, Date: None, Resolution: 1920x1080, Response Time: 300 ms
Name: 翡翠台, URL: https://cdn.iptv8k.top/dl/jrys.php?id=4&time=20240926215313&ip=111.229.253.40$1920x1080, Date: None, Resolution: 1920x1080, Response Time: 300 ms
Name: 翡翠台, URL: https://cdn.iptv8k.top/dl/jspd.php?id=3&time=20240926215313&ip=111.229.253.40$1920x1080, Date: None, Resolution: 1920x1080, Response Time: 300 ms
Name: 凤凰卫视, URL: https://stream1.freetv.fun/08e5440bb83a804440e341ae792cffc38d6844b04d5a2c7a4fc5ee04a6fe6bc6.m3u8, Date: None, Resolution: None, Response Time: 60 ms
Name: 凤凰卫视, URL: https://stream1.freetv.fun/feng-huang-wei-shi-11.ctv, Date: None, Resolution: None, Response Time: 60 ms
Name: 凤凰卫视, URL: https://stream1.freetv.fun/feng-huang-wei-shi-3.ctv, Date: None, Resolution: None, Response Time: 60 ms
Name: 凤凰卫视, URL: https://stream1.freetv.fun/feng-huang-wei-shi-6.ctv, Date: None, Resolution: None, Response Time: 60 ms
Name: 凤凰卫视, URL: https://stream1.freetv.fun/feng-huang-wei-shi-5.ctv, Date: None, Resolution: None, Response Time: 60 ms
Name: 凤凰卫视, URL: https://stream1.freetv.fun/feng-huang-wei-shi-10.ctv, Date: None, Resolution: None, Response Time: 60 ms
Name: 凤凰卫视, URL: http://58.215.231.60/live2.rxip.sc96655.com/live/test1_4000.m3u8, Date: None, Resolution: None, Response Time: 556 ms
Name: 凤凰香港, URL: https://stream1.freetv.fun/feng-huang-xiang-gang-11.ctv, Date: None, Resolution: None, Response Time: 60 ms
Name: 凤凰香港, URL: https://stream1.freetv.fun/8770e89223a086eb1b8a0c931e42296d772a8069ad3eb72540e0c434e7cb3e93.ctv, Date: None, Resolution: None, Response Time: 60 ms
Name: 凤凰香港, URL: http://r.jdshipin.com/NfC0f, Date: None, Resolution: None, Response Time: 3407 ms
Name: 凤凰香港, URL: https://stream1.freetv.fun/feng-huang-xiang-gang-8.ctv, Date: None, Resolution: None, Response Time: 60 ms
Name: 凤凰香港, URL: https://stream1.freetv.fun/feng-huang-xiang-gang-6.ctv, Date: None, Resolution: None, Response Time: 60 ms
Name: 凤凰香港, URL: http://r.jdshipin.com/yDoTN, Date: None, Resolution: None, Response Time: 3407 ms
Name: 凤凰香港, URL: https://stream1.freetv.fun/feng-huang-xiang-gang-3.ctv, Date: None, Resolution: None, Response Time: 60 ms
Name: 凤凰香港, URL: https://stream1.freetv.fun/feng-huang-xiang-gang-4.m3u8, Date: None, Resolution: None, Response Time: 60 ms
Name: 凤凰香港, URL: http://php.17186.eu.org/phtv/fhhk.m3u8, Date: None, Resolution: None, Response Time: 214 ms
Name: 凤凰香港, URL: http://tptvh.mobaibox.com/hwcdnbacksourceflag_223.110.243.237:80/PLTV/3/224/3221228530/1.m3u8?accountinfo=nVl%2FlxGDEXj8XkZipP8ISUVer4GPjw2QG0O4MRQi3g%2BEwuqkCa8s3JpukCy66ZXVAeAMYEBqNpar07yBf7G6quSAYws6gdT4%2FtVH%2Bc7R53mLahL3Oe72TRbm52ZvruhJFgCcgHZcoIABWGUx4GF9bqeo84KrB1TAVruJzkRIWcU%3D%3A20241026031902%2C4999656%2C36.156.32.23%2C20241026031902%2CHD-10000k-1080P-fhhongkong5s%2C1734275458503_D1%3A1F%3A8C%3ABC%3A76%3ACD%2C-1%2C0%2C1%2C%2C%2C2%2C%2C%2C%2C2%2C%2C10000100000000060000000016268434_0%2CEND&GuardEncType=2&servicetype=1&unionUrl=gitv%2Flive1%2FHD-10000k-1080P-fhhongkong5s%2FHD-10000k-1080P-fhhongkong5s&icpid=88888888&from=5&popid=5&hms_devid=6448&prioritypopid=5, Date: None, Resolution: None, Response Time: 1918 ms
Name: 凤凰香港, URL: http://tptvh.mobaibox.com/hwcdnbacksourceflag_223.110.243.237:80/PLTV/3/224/3221228530/1.m3u8?accountinfo=zZFAoaFBf0eeoBboZZ7f2LG%2Bb0LrBOSBfEzhwiBMvngq%2FpkEzcEgSA5jxU7E691yLgLXQIrVnITSKe4cR7UMbSd2y6TJst%2Bjh31VKZhtgiKIZEDSyu578hnwyF2DFwHcbF2ObC9a54Vp367lDA52PczEcH9gPEwYj%2BtNwrWi0aU%3D%3A20241025090828%2C-1%2C112.25.63.228%2C20241025090828%2CHD-10000k-1080P-fhhongkong5s%2C1734208302178_77%3A98%3AB2%3A9A%3AA8%3A67%2C-1%2C0%2C1%2C%2C%2C2%2C%2C%2C%2C2%2C%2C10000100000000060000000016268434_0%2CEND&GuardEncType=2&servicetype=1&unionUrl=gitv%2Flive1%2FHD-10000k-1080P-fhhongkong5s%2FHD-10000k-1080P-fhhongkong5s&icpid=88888888&from=5&popid=5&hms_devid=6448&prioritypopid=5, Date: None, Resolution: None, Response Time: 1918 ms
Name: 凤凰中文, URL: http://117.27.190.42:9998/tsfile/live/23280_1.m3u8?key=txiptv&playlive=1&authid=0, Date: None, Resolution: None, Response Time: 515 ms
Name: 凤凰中文, URL: http://117.27.190.42:9998/tsfile/live/23280_1.m3u8?key=txiptv&playlive=1&authid=0, Date: None, Resolution: None, Response Time: 515 ms
Name: 凤凰中文, URL: https://stream1.freetv.fun/feng-huang-zhong-wen-12.ctv, Date: None, Resolution: None, Response Time: 60 ms
Name: 凤凰中文, URL: https://stream1.freetv.fun/feng-huang-zhong-wen-5.ctv, Date: None, Resolution: None, Response Time: 60 ms
Name: 凤凰中文, URL: https://stream1.freetv.fun/feng-huang-zhong-wen-15.ctv, Date: None, Resolution: None, Response Time: 60 ms
Name: 凤凰中文, URL: https://stream1.freetv.fun/feng-huang-zhong-wen-16.ctv, Date: None, Resolution: None, Response Time: 60 ms
Name: 凤凰中文, URL: https://stream1.freetv.fun/feng-huang-zhong-wen-4.m3u8, Date: None, Resolution: None, Response Time: 60 ms
Name: 凤凰中文, URL: http://playtv-live.ifeng.com/live/06OLEGEGM4G.m3u8, Date: None, Resolution: None, Response Time: 76 ms
Name: 凤凰中文, URL: https://stream1.freetv.fun/feng-huang-zhong-wen-18.m3u8, Date: None, Resolution: None, Response Time: 60 ms
Name: 凤凰中文, URL: https://stream1.freetv.fun/fe3d3346f748e4ec230691be958aff27e91c225b43b5855685cd1fbe79c56f60.m3u8, Date: None, Resolution: None, Response Time: 60 ms
Name: 凤凰中文, URL: http://www.terrykang.cn:5678/sxg.php?id=test1_4000, Date: None, Resolution: None, Response Time: 1326 ms
Name: 凤凰中文, URL: https://stream1.freetv.fun/feng-huang-zhong-wen-13.ctv, Date: None, Resolution: None, Response Time: 60 ms
Name: 凤凰中文, URL: https://stream1.freetv.fun/feng-huang-zhong-wen-1.ctv, Date: None, Resolution: None, Response Time: 60 ms
Name: 凤凰中文, URL: https://stream1.freetv.fun/16bc0b847b4c0a5a1a8645fc01576a0a28d5d8667bad711c48e5d80d12d2d329.ctv, Date: None, Resolution: None, Response Time: 60 ms
Name: 凤凰中文, URL: https://stream1.freetv.fun/feng-huang-zhong-wen-10.m3u8, Date: None, Resolution: None, Response Time: 60 ms
Name: 凤凰中文, URL: https://stream1.freetv.fun/feng-huang-zhong-wen-3.ctv, Date: None, Resolution: None, Response Time: 60 ms
Name: 凤凰中文, URL: https://stream1.freetv.fun/feng-huang-zhong-wen-3.m3u8, Date: None, Resolution: None, Response Time: 60 ms
Name: 凤凰中文, URL: https://stream1.freetv.fun/feng-huang-zhong-wen-19.m3u8, Date: None, Resolution: None, Response Time: 60 ms
Name: 凤凰中文, URL: https://stream1.freetv.fun/feng-huang-zhong-wen-9.m3u8, Date: None, Resolution: None, Response Time: 60 ms
Name: 凤凰中文, URL: https://stream1.freetv.fun/2cd8b0d0e8b7bda9c76ae4e0d554782532055b48e88e266f743eaa21ca7e44e0.ctv, Date: None, Resolution: None, Response Time: 60 ms
Name: 凤凰中文, URL: https://stream1.freetv.fun/feng-huang-zhong-wen-8.ctv, Date: None, Resolution: None, Response Time: 60 ms
Name: 凤凰中文, URL: https://stream1.freetv.fun/feng-huang-zhong-wen-7.ctv, Date: None, Resolution: None, Response Time: 60 ms
Name: 凤凰中文, URL: https://stream1.freetv.fun/feng-huang-zhong-wen-16.m3u8, Date: None, Resolution: None, Response Time: 60 ms
Name: 凤凰中文, URL: https://stream1.freetv.fun/91dffd2dca60b65821a94747f2f3020dfc9642bb89f86ed7fa6d8b0b7487c5d2.m3u8, Date: None, Resolution: None, Response Time: 60 ms
Name: 凤凰中文, URL: http://playtv-live.ifeng.com:80/live/06OLEGEGM4G.m3u8, Date: None, Resolution: None, Response Time: 76 ms
Name: 凤凰中文, URL: https://stream1.freetv.fun/feng-huang-zhong-wen-2.ctv, Date: None, Resolution: None, Response Time: 60 ms
Name: 凤凰中文, URL: https://stream1.freetv.fun/2b657a181daa345025199e7d6b8de95a1a87b19abceafbd16e2499a49da33c6f.m3u8, Date: None, Resolution: None, Response Time: 60 ms
Name: 凤凰中文, URL: https://stream1.freetv.fun/4e695e885cc20b20b7e3ec874fe52ed75e27443778c8ff29e498c4c9d7cec4a0.m3u8, Date: None, Resolution: None, Response Time: 60 ms
Name: 凤凰中文, URL: https://stream1.freetv.fun/feng-huang-zhong-wen-14.ctv, Date: None, Resolution: None, Response Time: 60 ms
Name: 凤凰中文, URL: http://r.jdshipin.com/cCCzW, Date: None, Resolution: None, Response Time: 3407 ms
Name: 凤凰中文, URL: https://stream1.freetv.fun/feng-huang-zhong-wen-8.m3u8, Date: None, Resolution: None, Response Time: 60 ms
Name: 凤凰中文, URL: http://php.17186.eu.org/phtv/fhzw.m3u8, Date: None, Resolution: None, Response Time: 214 ms
Name: 凤凰中文, URL: http://tptvh.mobaibox.com/hwcdnbacksourceflag_223.105.252.59:80/PLTV/3/224/3221228527/1.m3u8?accountinfo=liKUscxeA3mntTkvcrPdLC0JYhRJ8GbjSgBJJtzDsTUq%2FpkEzcEgSA5jxU7E691yoTzNtIBFrb%2BIDS0e%2Fx7VbeVgZAe%2Fh9LVb30YjuWosxNwd%2FGCIxz9Y34Vf7X4oRpDbF2ObC9a54Vp367lDA52PczEcH9gPEwYj%2BtNwrWi0aU%3D%3A20241025090449%2C-1%2C112.25.63.228%2C20241025090449%2CHD-10000k-1080P-fhchinese5s%2C1734243741512_23%3A8F%3AF4%3AAE%3A73%3AC6%2C-1%2C0%2C1%2C%2C%2C2%2C%2C%2C%2C2%2C%2C10000100000000060000000016268459_0%2CEND&GuardEncType=2&servicetype=1&unionUrl=gitv%2Flive1%2FHD-10000k-1080P-fhchinese5s%2FHD-10000k-1080P-fhchinese5s&icpid=88888888&from=5&popid=5&hms_devid=6885&prioritypopid=5, Date: None, Resolution: None, Response Time: 1918 ms
Name: 凤凰中文, URL: https://stream1.freetv.fun/feng-huang-zhong-wen-1.m3u8, Date: None, Resolution: None, Response Time: 60 ms
Name: 凤凰中文, URL: http://tptvh.mobaibox.com/hwcdnbacksourceflag_223.110.243.239:80/PLTV/3/224/3221228527/1.m3u8?accountinfo=jZtnehZwqsAX0DfZDo6ff70JX%2BfymXbKykFiizOeb88q%2FpkEzcEgSA5jxU7E691ymakq9CEtd6ew2uZ3Y274u9hE1Le2URs51tYuI6e0mUEUXA2%2BB07T1p07Fb8GPvnTbF2ObC9a54Vp367lDA52PczEcH9gPEwYj%2BtNwrWi0aU%3D%3A20241026030558%2C-1%2C112.25.63.228%2C20241026030558%2CHD-10000k-1080P-fhchinese5s%2C1734266261498_93%3A24%3ACB%3AE5%3A73%3AA3%2C-1%2C0%2C1%2C%2C%2C2%2C%2C%2C%2C2%2C%2C10000100000000060000000016268459_0%2CEND&GuardEncType=2&servicetype=1&unionUrl=gitv%2Flive1%2FHD-10000k-1080P-fhchinese5s%2FHD-10000k-1080P-fhchinese5s&icpid=88888888&from=5&popid=5&hms_devid=6451&prioritypopid=5, Date: None, Resolution: None, Response Time: 1918 ms
Name: 凤凰资讯台, URL: http://117.27.190.42:9998/tsfile/live/23279_1.m3u8?key=txiptv&playlive=1&authid=0, Date: None, Resolution: None, Response Time: 515 ms
Name: 凤凰资讯台, URL: http://117.27.190.42:9998/tsfile/live/23279_1.m3u8?key=txiptv&playlive=1&authid=0, Date: None, Resolution: None, Response Time: 515 ms
Name: 凤凰资讯台, URL: https://stream1.freetv.fun/feng-huang-zi-xun-1.m3u8, Date: None, Resolution: None, Response Time: 60 ms
Name: 凤凰资讯台, URL: https://stream1.freetv.fun/feng-huang-zi-xun-2.ctv, Date: None, Resolution: None, Response Time: 60 ms
Name: 凤凰资讯台, URL: https://stream1.freetv.fun/feng-huang-zi-xun-23.m3u8, Date: None, Resolution: None, Response Time: 60 ms
Name: 凤凰资讯台, URL: https://stream1.freetv.fun/feng-huang-zi-xun-16.m3u8, Date: None, Resolution: None, Response Time: 60 ms
Name: 凤凰资讯台, URL: https://stream1.freetv.fun/feng-huang-zi-xun-23.ctv, Date: None, Resolution: None, Response Time: 60 ms
Name: 凤凰资讯台, URL: https://stream1.freetv.fun/feng-huang-zi-xun-13.m3u8, Date: None, Resolution: None, Response Time: 60 ms
Name: 凤凰资讯台, URL: https://stream1.freetv.fun/2a72335a63dd0749c5a32d1bf1b0c001a81a26cc81d7e94534791d36f2c87d7d.ctv, Date: None, Resolution: None, Response Time: 60 ms
Name: 凤凰资讯台, URL: https://stream1.freetv.fun/feng-huang-zi-xun-3.ctv, Date: None, Resolution: None, Response Time: 60 ms
Name: 凤凰资讯台, URL: https://stream1.freetv.fun/feng-huang-zi-xun-25.ctv, Date: None, Resolution: None, Response Time: 60 ms
Name: 凤凰资讯台, URL: https://stream1.freetv.fun/feng-huang-zi-xun-15.ctv, Date: None, Resolution: None, Response Time: 60 ms
Name: 凤凰资讯台, URL: https://stream1.freetv.fun/feng-huang-zi-xun-21.ctv, Date: None, Resolution: None, Response Time: 60 ms
Name: 凤凰资讯台, URL: http://www.terrykang.cn:5678/sxg.php?id=test2_4000, Date: None, Resolution: None, Response Time: 1326 ms
Name: 凤凰资讯台, URL: https://stream1.freetv.fun/feng-huang-zi-xun-6.m3u8, Date: None, Resolution: None, Response Time: 60 ms
Name: 凤凰资讯台, URL: http://playtv-live.ifeng.com:80/live/06OLEEWQKN4.m3u8, Date: None, Resolution: None, Response Time: 76 ms
Name: 凤凰资讯台, URL: https://stream1.freetv.fun/feng-huang-zi-xun-20.ctv, Date: None, Resolution: None, Response Time: 60 ms
Name: 凤凰资讯台, URL: https://stream1.freetv.fun/a5857ad51b58a0f7a8c9cbdf291571692b0eed9f5ab2cfce97a211260533c0d8.m3u8, Date: None, Resolution: None, Response Time: 60 ms
Name: 凤凰资讯台, URL: https://stream1.freetv.fun/feng-huang-zi-xun-11.ctv, Date: None, Resolution: None, Response Time: 60 ms
Name: 凤凰资讯台, URL: https://stream1.freetv.fun/bfd140266f0bc1d9689c8cca261521038b45d662a160a3785d45d074b26899c2.m3u8, Date: None, Resolution: None, Response Time: 60 ms
Name: 凤凰资讯台, URL: https://stream1.freetv.fun/feng-huang-zi-xun-4.ctv, Date: None, Resolution: None, Response Time: 60 ms
Name: 凤凰资讯台, URL: https://stream1.freetv.fun/feng-huang-zi-xun-16.ctv, Date: None, Resolution: None, Response Time: 60 ms
Name: 凤凰资讯台, URL: https://stream1.freetv.fun/feng-huang-zi-xun-24.ctv, Date: None, Resolution: None, Response Time: 60 ms
Name: 凤凰资讯台, URL: http://playtv-live.ifeng.com/live/06OLEEWQKN4.m3u8, Date: None, Resolution: None, Response Time: 76 ms
Name: 凤凰资讯台, URL: https://playtv-live.ifeng.com/live/06OLEEWQKN4.m3u8, Date: None, Resolution: None, Response Time: 76 ms
Name: 凤凰资讯台, URL: https://stream1.freetv.fun/feng-huang-zi-xun-8.m3u8, Date: None, Resolution: None, Response Time: 60 ms
Name: 凤凰资讯台, URL: https://stream1.freetv.fun/5fb13a1ac8acfc0fbc7121568b65c78e0383919949c35c2a7f278a1ddd081e2b.m3u8, Date: None, Resolution: None, Response Time: 60 ms
Name: 凤凰资讯台, URL: https://stream1.freetv.fun/feng-huang-zi-xun-10.ctv, Date: None, Resolution: None, Response Time: 60 ms
Name: 凤凰资讯台, URL: https://stream1.freetv.fun/feng-huang-zi-xun-25.m3u8, Date: None, Resolution: None, Response Time: 60 ms
Name: 凤凰资讯台, URL: https://stream1.freetv.fun/feng-huang-zi-xun-22.ctv, Date: None, Resolution: None, Response Time: 60 ms
Name: 凤凰资讯台, URL: https://stream1.freetv.fun/feng-huang-zi-xun-17.ctv, Date: None, Resolution: None, Response Time: 60 ms
Name: 凤凰资讯台, URL: http://tptvh.mobaibox.com/hwcdnbacksourceflag_223.110.243.237:80/PLTV/3/224/3221228524/1.m3u8?accountinfo=pSB2G6bQwIdcXUpY7t8OEjuMhBR83Chj5BS0lv%2BFQDAq%2FpkEzcEgSA5jxU7E691yhVQTa1OZuMpEn5hHojelODOmFq4bYs9eiikKfwhL1xP3NdD3bB1RViFnRCn32QSUbF2ObC9a54Vp367lDA52PczEcH9gPEwYj%2BtNwrWi0aU%3D%3A20241025090452%2C-1%2C112.25.63.228%2C20241025090452%2CHD-10000k-1080P-fhzixun5s%2C1734232009108_D5%3A7B%3AF7%3A2F%3A4B%3A83%2C-1%2C0%2C1%2C%2C%2C2%2C%2C%2C%2C2%2C%2C10000100000000060000000016268486_0%2CEND&GuardEncType=2&servicetype=1&unionUrl=gitv%2Flive1%2FHD-10000k-1080P-fhzixun5s%2FHD-10000k-1080P-fhzixun5s&icpid=88888888&from=5&popid=5&hms_devid=6448&prioritypopid=5, Date: None, Resolution: None, Response Time: 1918 ms
Name: 凤凰资讯台, URL: https://stream1.freetv.fun/feng-huang-zi-xun-5.ctv, Date: None, Resolution: None, Response Time: 60 ms
Name: 凤凰资讯台, URL: http://58.215.231.60/live2.rxip.sc96655.com/live/test2_4000.m3u8, Date: None, Resolution: None, Response Time: 556 ms
Name: 凤凰资讯台, URL: http://tptvh.mobaibox.com/hwcdnbacksourceflag_223.110.243.237:80/PLTV/3/224/3221228524/1.m3u8?accountinfo=Ua%2BFbPFBxxwWZU8AQe9Thp%2FF6OhHw40pxiS7rY0Ua7Qq%2FpkEzcEgSA5jxU7E691ykbPnks6Z82Lm%2FlETvtMnMdtlO67bxk8F9cqrf%2BryVzWyZlx%2BMsBYNGdOiYtjU%2Fn%2BbF2ObC9a54Vp367lDA52PczEcH9gPEwYj%2BtNwrWi0aU%3D%3A20241026030643%2C-1%2C112.25.63.228%2C20241026030643%2CHD-10000k-1080P-fhzixun5s%2C1734233320130_CB%3A43%3A29%3A89%3A8D%3A07%2C-1%2C0%2C1%2C%2C%2C2%2C%2C%2C%2C2%2C%2C10000100000000060000000016268486_0%2CEND&GuardEncType=2&servicetype=1&unionUrl=gitv%2Flive1%2FHD-10000k-1080P-fhzixun5s%2FHD-10000k-1080P-fhzixun5s&icpid=88888888&from=5&popid=5&hms_devid=6448&prioritypopid=5, Date: None, Resolution: None, Response Time: 1918 ms
Name: 凤凰资讯台, URL: http://playtv-live.ifeng.com:80/live/06OLEEWQKN4.m3u8?zgangd, Date: None, Resolution: None, Response Time: 76 ms
Name: 华视, URL: http://aktv.top/AKTV/live/aktv/null-11/AKTV.m3u8$1920x1080, Date: None, Resolution: 1920x1080, Response Time: 150 ms
Name: 华视新闻台, URL: https://stream1.freetv.fun/hua-shi-2.m3u8, Date: None, Resolution: None, Response Time: 60 ms
Name: 华视新闻台, URL: http://37.27.111.214:8080/live/8/hls.m3u8$1920x1080, Date: None, Resolution: 1920x1080, Response Time: 150 ms
Name: 华视新闻台, URL: https://stream1.freetv.fun/hua-shi-xin-wen-5.m3u8, Date: None, Resolution: None, Response Time: 60 ms
Name: 寰宇新闻台, URL: https://ghp.ci/https://raw.githubusercontent.com/ChiSheng9/iptv/master/TV02.m3u8, Date: None, Resolution: None, Response Time: 2023 ms
Name: 寰宇新闻台, URL: http://ku9.fr.to/smt.php?id=huanyuxinwen_twn$1920x1080, Date: None, Resolution: 1920x1080, Response Time: 150 ms
Name: 寰宇新闻台, URL: https://stream1.freetv.fun/huan-yu-xin-wen-6.m3u8, Date: None, Resolution: None, Response Time: 60 ms
Name: 寰宇新闻台, URL: https://stream1.freetv.fun/huan-yu-xin-wen-7.m3u8, Date: None, Resolution: None, Response Time: 60 ms
Name: 寰宇新闻台, URL: https://stream1.freetv.fun/huan-yu-xin-wen-4.m3u8, Date: None, Resolution: None, Response Time: 60 ms
Name: 寰宇新闻台, URL: https://stream1.freetv.fun/huan-yu-xin-wen-1.m3u8, Date: None, Resolution: None, Response Time: 60 ms
Name: 寰宇新闻台, URL: https://stream1.freetv.fun/huan-yu-xin-wen-2.m3u8, Date: None, Resolution: None, Response Time: 60 ms
Name: 寰宇新闻台, URL: https://stream1.freetv.fun/huan-yu-xin-wen-5.m3u8, Date: None, Resolution: None, Response Time: 60 ms
Name: 寰宇新闻台, URL: http://cdn.iptv8k.top/dl/jspd.php?id=7$1920x1080, Date: None, Resolution: 1920x1080, Response Time: 300 ms
Name: 寰宇新闻台, URL: https://raw.githubusercontent.com/ChiSheng9/iptv/master/TV02.m3u8, Date: None, Resolution: None, Response Time: 28 ms
Name: 民视, URL: https://stream1.freetv.fun/min-shi-8.ctv, Date: None, Resolution: None, Response Time: 60 ms
Name: 民视, URL: http://37.27.111.214:8080/live/6/hls.m3u8$1920x1080, Date: None, Resolution: 1920x1080, Response Time: 150 ms
Name: 民视, URL: https://stream1.freetv.fun/min-shi-3.m3u8, Date: None, Resolution: None, Response Time: 60 ms
Name: 民视, URL: https://stream1.freetv.fun/min-shi-6.m3u8, Date: None, Resolution: None, Response Time: 60 ms
Name: 民视, URL: https://stream1.freetv.fun/min-shi-5.m3u8, Date: None, Resolution: None, Response Time: 60 ms
Name: 民视, URL: https://stream1.freetv.fun/min-shi-4.m3u8, Date: None, Resolution: None, Response Time: 60 ms
Name: 民视第一台, URL: https://stream1.freetv.fun/min-shi-di-yi-5.ctv, Date: None, Resolution: None, Response Time: 60 ms
Name: 民视第一台, URL: https://stream1.freetv.fun/min-shi-di-yi-3.ctv, Date: None, Resolution: None, Response Time: 60 ms
Name: 民视第一台, URL: https://stream1.freetv.fun/min-shi-di-yi-2.ctv, Date: None, Resolution: None, Response Time: 60 ms
Name: 民视第一台, URL: https://stream1.freetv.fun/min-shi-di-yi-1.ctv, Date: None, Resolution: None, Response Time: 60 ms
Name: 民视第一台, URL: http://37.27.111.214:8080/live/4/hls.m3u8$1920x1080, Date: None, Resolution: 1920x1080, Response Time: 150 ms
Name: 民视旅游, URL: https://stream1.freetv.fun/min-shi-lu-you-1.ctv, Date: None, Resolution: None, Response Time: 60 ms
Name: 民视旅游, URL: https://stream1.freetv.fun/min-shi-lu-you-2.ctv, Date: None, Resolution: None, Response Time: 60 ms
Name: 民视台湾台, URL: https://stream1.freetv.fun/min-shi-tai-wan-6.ctv, Date: None, Resolution: None, Response Time: 60 ms
Name: 民视台湾台, URL: http://ku9.fr.to/smt.php?id=ftvtaiwan_twn$1920x1080, Date: None, Resolution: 1920x1080, Response Time: 150 ms
Name: 民视台湾台, URL: https://stream1.freetv.fun/min-shi-tai-wan-4.ctv, Date: None, Resolution: None, Response Time: 60 ms
Name: 民视台湾台, URL: https://stream1.freetv.fun/min-shi-tai-wan-3.ctv, Date: None, Resolution: None, Response Time: 60 ms
Name: 民视台湾台, URL: https://stream1.freetv.fun/min-shi-tai-wan-7.ctv, Date: None, Resolution: None, Response Time: 60 ms
Name: 民视台湾台, URL: http://37.27.111.214:8080/live/5/hls.m3u8$1920x1080, Date: None, Resolution: 1920x1080, Response Time: 150 ms
Name: 民视新闻台, URL: http://38.64.72.148/hls/modn/list/4012/chunklist1.m3u8$1920x1080, Date: None, Resolution: 1920x1080, Response Time: 150 ms
Name: 民视新闻台, URL: https://stream1.freetv.fun/min-shi-xin-wen-18.m3u8, Date: None, Resolution: None, Response Time: 60 ms
Name: 民视新闻台, URL: https://stream1.freetv.fun/min-shi-xin-wen-2.ctv, Date: None, Resolution: None, Response Time: 60 ms
Name: 民视新闻台, URL: https://stream1.freetv.fun/min-shi-xin-wen-14.m3u8, Date: None, Resolution: None, Response Time: 60 ms
Name: 民视新闻台, URL: https://stream1.freetv.fun/min-shi-xin-wen-11.m3u8, Date: None, Resolution: None, Response Time: 60 ms
Name: 民视新闻台, URL: https://stream1.freetv.fun/min-shi-xin-wen-15.m3u8, Date: None, Resolution: None, Response Time: 60 ms
Name: 民视新闻台, URL: https://stream1.freetv.fun/min-shi-xin-wen-7.m3u8, Date: None, Resolution: None, Response Time: 60 ms
Name: 民视新闻台, URL: https://stream1.freetv.fun/min-shi-xin-wen-8.m3u8, Date: None, Resolution: None, Response Time: 60 ms
Name: 民视新闻台, URL: http://38.64.72.148:80/hls/modn/list/4012/chunklist1.m3u8$1920x1080, Date: None, Resolution: 1920x1080, Response Time: 150 ms
Name: 民视新闻台, URL: http://38.64.72.148/hls/modn/list/4012/playlist.m3u8$1920x1080, Date: None, Resolution: 1920x1080, Response Time: 150 ms
Name: 民视新闻台, URL: http://38.64.72.148:80/hls/modn/list/4012/chunklist0.m3u8$1920x1080, Date: None, Resolution: 1920x1080, Response Time: 150 ms
Name: 民视新闻台, URL: https://stream1.freetv.fun/min-shi-xin-wen-12.ctv, Date: None, Resolution: None, Response Time: 60 ms
Name: 民视新闻台, URL: https://stream1.freetv.fun/min-shi-xin-wen-6.m3u8, Date: None, Resolution: None, Response Time: 60 ms
Name: 民视新闻台, URL: https://stream1.freetv.fun/min-shi-xin-wen-2.m3u8, Date: None, Resolution: None, Response Time: 60 ms
Name: 民视新闻台, URL: https://stream1.freetv.fun/min-shi-xin-wen-10.ctv, Date: None, Resolution: None, Response Time: 60 ms
Name: 民视新闻台, URL: https://stream1.freetv.fun/min-shi-xin-wen-5.m3u8, Date: None, Resolution: None, Response Time: 60 ms
Name: 民视新闻台, URL: https://stream1.freetv.fun/min-shi-xin-wen-17.ctv, Date: None, Resolution: None, Response Time: 60 ms
Name: 民视新闻台, URL: http://38.64.72.148:80/hls/modn/list/4012/chunklist1.m3u8?blog.ntnas.top$1920x1080, Date: None, Resolution: 1920x1080, Response Time: 150 ms
Name: 民视新闻台, URL: https://stream1.freetv.fun/min-shi--xin-wen-1.m3u8, Date: None, Resolution: None, Response Time: 60 ms
Name: 民视新闻hd, URL: http://38.64.72.148/hls/modn/list/4012/chunklist1.m3u8$1920x1080, Date: None, Resolution: 1920x1080, Response Time: 150 ms
Name: 民视新闻hd, URL: https://stream1.freetv.fun/min-shi-xin-wen-18.m3u8, Date: None, Resolution: None, Response Time: 60 ms
Name: 民视新闻hd, URL: https://stream1.freetv.fun/min-shi-xin-wen-2.ctv, Date: None, Resolution: None, Response Time: 60 ms
Name: 民视新闻hd, URL: https://stream1.freetv.fun/min-shi-xin-wen-14.m3u8, Date: None, Resolution: None, Response Time: 60 ms
Name: 民视新闻hd, URL: https://stream1.freetv.fun/min-shi-xin-wen-11.m3u8, Date: None, Resolution: None, Response Time: 60 ms
Name: 民视新闻hd, URL: https://stream1.freetv.fun/min-shi-xin-wen-15.m3u8, Date: None, Resolution: None, Response Time: 60 ms
Name: 民视新闻hd, URL: https://stream1.freetv.fun/min-shi-xin-wen-7.m3u8, Date: None, Resolution: None, Response Time: 60 ms
Name: 民视新闻hd, URL: https://stream1.freetv.fun/min-shi-xin-wen-8.m3u8, Date: None, Resolution: None, Response Time: 60 ms
Name: 民视新闻hd, URL: http://38.64.72.148:80/hls/modn/list/4012/chunklist1.m3u8$1920x1080, Date: None, Resolution: 1920x1080, Response Time: 150 ms
Name: 民视新闻hd, URL: http://38.64.72.148/hls/modn/list/4012/playlist.m3u8$1920x1080, Date: None, Resolution: 1920x1080, Response Time: 150 ms
Name: 民视新闻hd, URL: http://38.64.72.148:80/hls/modn/list/4012/chunklist0.m3u8$1920x1080, Date: None, Resolution: 1920x1080, Response Time: 150 ms
Name: 民视新闻hd, URL: https://stream1.freetv.fun/min-shi-xin-wen-12.ctv, Date: None, Resolution: None, Response Time: 60 ms
Name: 民视新闻hd, URL: https://stream1.freetv.fun/min-shi-xin-wen-6.m3u8, Date: None, Resolution: None, Response Time: 60 ms
Name: 民视新闻hd, URL: https://stream1.freetv.fun/min-shi-xin-wen-2.m3u8, Date: None, Resolution: None, Response Time: 60 ms
Name: 民视新闻hd, URL: https://stream1.freetv.fun/min-shi-xin-wen-10.ctv, Date: None, Resolution: None, Response Time: 60 ms
Name: 民视新闻hd, URL: https://stream1.freetv.fun/min-shi-xin-wen-5.m3u8, Date: None, Resolution: None, Response Time: 60 ms
Name: 民视新闻hd, URL: https://stream1.freetv.fun/min-shi-xin-wen-17.ctv, Date: None, Resolution: None, Response Time: 60 ms
Name: 民视新闻hd, URL: http://38.64.72.148:80/hls/modn/list/4012/chunklist1.m3u8?blog.ntnas.top$1920x1080, Date: None, Resolution: 1920x1080, Response Time: 150 ms
Name: 民视新闻hd, URL: https://stream1.freetv.fun/min-shi--xin-wen-1.m3u8, Date: None, Resolution: None, Response Time: 60 ms
Name: 民视综艺台, URL: https://stream1.freetv.fun/min-shi-zong-yi-1.ctv, Date: None, Resolution: None, Response Time: 60 ms
Name: 民视综艺台, URL: https://stream1.freetv.fun/min-shi-zong-yi-2.ctv, Date: None, Resolution: None, Response Time: 60 ms
Name: 三立都会, URL: http://ku9.fr.to/smt.php?id=sanlidouhui$1920x1080, Date: None, Resolution: 1920x1080, Response Time: 150 ms
Name: 三立都会, URL: https://stream1.freetv.fun/san-li-du-hui-5.m3u8, Date: None, Resolution: None, Response Time: 60 ms
Name: 三立台湾台, URL: https://stream1.freetv.fun/san-li-tai-wan-5.m3u8, Date: None, Resolution: None, Response Time: 60 ms
Name: 三立台湾台, URL: https://stream1.freetv.fun/san-li-tai-wan-1.ctv, Date: None, Resolution: None, Response Time: 60 ms
Name: 三立湾, URL: https://stream1.freetv.fun/san-li-tai-wan-5.m3u8, Date: None, Resolution: None, Response Time: 60 ms
Name: 三立湾, URL: https://stream1.freetv.fun/san-li-tai-wan-1.ctv, Date: None, Resolution: None, Response Time: 60 ms
Name: 三立新闻台, URL: https://raw.githubusercontent.com/ChiSheng9/iptv/master/TV32.m3u8, Date: None, Resolution: None, Response Time: 28 ms
Name: 三立新闻台, URL: https://stream1.freetv.fun/san-li-xin-wen-5.ctv, Date: None, Resolution: None, Response Time: 60 ms
Name: 三立新闻台, URL: https://stream1.freetv.fun/san-li-xin-wen-4.m3u8, Date: None, Resolution: None, Response Time: 60 ms
Name: 三立新闻台, URL: https://stream1.freetv.fun/san-li-xin-wen-3.m3u8, Date: None, Resolution: None, Response Time: 60 ms
Name: 三立新闻台, URL: https://stream1.freetv.fun/san-li-xin-wen-6.ctv, Date: None, Resolution: None, Response Time: 60 ms
Name: 三立综合台, URL: http://37.27.111.214:8080/live/31/hls.m3u8$1920x1080, Date: None, Resolution: 1920x1080, Response Time: 150 ms
Name: 台视新闻台, URL: http://38.64.72.148:80/hls/modn/list/4013/chunklist0.m3u8$1920x1080, Date: None, Resolution: 1920x1080, Response Time: 150 ms
Name: 台视新闻台, URL: http://ku9.fr.to/smt.php?id=ttvnews_twn$1920x1080, Date: None, Resolution: 1920x1080, Response Time: 150 ms
Name: 台视新闻台, URL: https://stream1.freetv.fun/tai-shi-xin-wen-2.m3u8, Date: None, Resolution: None, Response Time: 60 ms
Name: 台视新闻台, URL: https://stream1.freetv.fun/tai-shi-xin-wen-9.m3u8, Date: None, Resolution: None, Response Time: 60 ms
Name: 台视新闻台, URL: https://stream1.freetv.fun/tai-shi-xin-wen-6.m3u8, Date: None, Resolution: None, Response Time: 60 ms
Name: 台视新闻台, URL: https://stream1.freetv.fun/tai-shi-xin-wen-13.m3u8, Date: None, Resolution: None, Response Time: 60 ms
Name: 台视新闻台, URL: https://stream1.freetv.fun/tai-shi-xin-wen-3.m3u8, Date: None, Resolution: None, Response Time: 60 ms
Name: 台视新闻台, URL: https://stream1.freetv.fun/tai-shi-xin-wen-1.m3u8, Date: None, Resolution: None, Response Time: 60 ms
Name: 台视新闻台, URL: http://38.64.72.148:80/hls/modn/list/4013/chunklist1.m3u8$1920x1080, Date: None, Resolution: 1920x1080, Response Time: 150 ms
Name: 台视新闻台, URL: https://stream1.freetv.fun/tai-shi-xin-wen-22.m3u8, Date: None, Resolution: None, Response Time: 60 ms
Name: 台视新闻台, URL: https://stream1.freetv.fun/tai-shi-xin-wen-5.m3u8, Date: None, Resolution: None, Response Time: 60 ms
Name: 台视新闻台, URL: https://stream1.freetv.fun/tai-shi-xin-wen-10.m3u8, Date: None, Resolution: None, Response Time: 60 ms
Name: 台视新闻台, URL: http://38.64.72.148/hls/modn/list/4012/chunklist0.m3u8$1920x1080, Date: None, Resolution: 1920x1080, Response Time: 150 ms
Name: 台视新闻台, URL: https://stream1.freetv.fun/tai-shi-xin-wen-17.m3u8, Date: None, Resolution: None, Response Time: 60 ms
Name: 台视新闻台, URL: https://stream1.freetv.fun/tai-shi-xin-wen-4.m3u8, Date: None, Resolution: None, Response Time: 60 ms
Name: 台视新闻台, URL: http://38.64.72.148/hls/modn/list/4013/playlist.m3u8$1920x1080, Date: None, Resolution: 1920x1080, Response Time: 150 ms
Name: 台视新闻台, URL: https://stream1.freetv.fun/tai-shi-xin-wen-12.m3u8, Date: None, Resolution: None, Response Time: 60 ms
Name: 台视新闻台, URL: http://38.64.72.148/hls/modn/list/4013/chunklist0.m3u8$1920x1080, Date: None, Resolution: 1920x1080, Response Time: 150 ms
Name: 台视新闻台, URL: https://stream1.freetv.fun/tai-shi-xin-wen-11.m3u8, Date: None, Resolution: None, Response Time: 60 ms
Name: 台视新闻台, URL: http://38.64.72.148:80/hls/modn/list/4013/chunklist0.m3u8?blog.ntnas.top$1920x1080, Date: None, Resolution: 1920x1080, Response Time: 150 ms
Name: 台视新闻台, URL: https://stream1.freetv.fun/tai-shi-xin-wen-16.m3u8, Date: None, Resolution: None, Response Time: 60 ms
Name: 台视新闻台, URL: https://stream1.freetv.fun/tai-shi-xin-wen-20.m3u8, Date: None, Resolution: None, Response Time: 60 ms
Name: 台视新闻台, URL: https://stream1.freetv.fun/tai-shi-xin-wen-8.m3u8, Date: None, Resolution: None, Response Time: 60 ms
Name: 台视新闻台, URL: https://stream1.freetv.fun/tai-shi-xin-wen-15.m3u8, Date: None, Resolution: None, Response Time: 60 ms
Name: 台视新闻台, URL: https://stream1.freetv.fun/tai-shi-xin-wen-19.m3u8, Date: None, Resolution: None, Response Time: 60 ms
Name: 台视新闻台, URL: https://stream1.freetv.fun/tai-shi-xin-wen-14.m3u8, Date: None, Resolution: None, Response Time: 60 ms
Name: 台视新闻台, URL: https://stream1.freetv.fun/tai-shi-xin-wen-18.m3u8, Date: None, Resolution: None, Response Time: 60 ms
Name: 纬来体育, URL: https://stream1.freetv.fun/wei-lai-ti-yu-9.ctv, Date: None, Resolution: None, Response Time: 60 ms
Name: 纬来体育, URL: http://ku9.fr.to/smt.php?id=videolandsport$1920x1080, Date: None, Resolution: 1920x1080, Response Time: 150 ms
Name: 纬来体育, URL: https://cloud.yumixiu768.com/tmp/123.m3u8, Date: None, Resolution: None, Response Time: 997 ms
Name: 纬来体育, URL: https://cloud.yumixiu768.com:443/tmp/123.m3u8, Date: None, Resolution: None, Response Time: 997 ms
Name: 纬来体育, URL: https://cdn.iptv8k.top/dl/jrys.php?id=291&time=20240926215313&ip=111.229.253.40$1920x1080, Date: None, Resolution: 1920x1080, Response Time: 300 ms
Name: 纬来体育, URL: https://cdn.iptv8k.top/dl/jrys.php?id=292&time=20240926215313&ip=111.229.253.40$1920x1080, Date: None, Resolution: 1920x1080, Response Time: 300 ms
Name: 纬来体育, URL: https://stream1.freetv.fun/wei-lai-ti-yu-3.m3u8, Date: None, Resolution: None, Response Time: 60 ms
Name: 无线翡翠, URL: http://cookies.elementfx.com/chaojidianshi/chaojidianshi.php?id=jade_twn, Date: None, Resolution: None, Response Time: 388 ms
Name: 无线新闻台, URL: http://cdn.iptv8k.top/dl/jspd.php?id=2$1920x1080, Date: None, Resolution: 1920x1080, Response Time: 300 ms
Name: 无线新闻台, URL: https://cdn.iptv8k.top/dl/jspd.php?id=2&time=20240926215313&ip=111.229.253.40$1920x1080, Date: None, Resolution: 1920x1080, Response Time: 300 ms
Name: 无线新闻台, URL: https://nothingbe.serv00.net/tvb.php?id=C&type=hd$1920x1080, Date: None, Resolution: 1920x1080, Response Time: 125 ms
Name: 无线新闻台, URL: http://r.jdshipin.com/CkuBd, Date: None, Resolution: None, Response Time: 3407 ms
Name: 中华小当家, URL: https://live.iill.top/huya/11342413, Date: None, Resolution: None, Response Time: 35 ms
Name: 中华小当家, URL: http://live.iill.top/huya.php?id=11342413, Date: None, Resolution: None, Response Time: 35 ms
Name: 中华小当家, URL: http://mtv.wuzhij.com/huya.php?id=24257300&cdn=txcdn, Date: None, Resolution: None, Response Time: 36 ms
Name: 中视, URL: http://aktv.top/AKTV/live/aktv/null-10/AKTV.m3u8$1920x1080, Date: None, Resolution: 1920x1080, Response Time: 150 ms
Name: 中视菁采台, URL: https://stream1.freetv.fun/zhong-shi-jing-cai-4.ctv, Date: None, Resolution: None, Response Time: 60 ms
Name: 中视菁采台, URL: https://stream1.freetv.fun/zhong-shi-jing-cai-5.ctv, Date: None, Resolution: None, Response Time: 60 ms
Name: 中视新闻台, URL: https://stream1.freetv.fun/zhong-shi-xin-wen-2.ctv, Date: None, Resolution: None, Response Time: 60 ms
Name: 中视新闻台, URL: http://ku9.fr.to/smt.php?id=zhongshinews_twn$1920x1080, Date: None, Resolution: 1920x1080, Response Time: 150 ms
Name: 中视新闻台, URL: https://stream1.freetv.fun/zhong-shi-xin-wen-4.m3u8, Date: None, Resolution: None, Response Time: 60 ms
Name: 中视新闻台, URL: https://stream1.freetv.fun/zhong-shi-xin-wen-5.ctv, Date: None, Resolution: None, Response Time: 60 ms
Name: 中天新闻台, URL: http://cdn.iptv8k.top/dl/jspd.php?id=1$1920x1080, Date: None, Resolution: 1920x1080, Response Time: 300 ms
Name: 中天新闻台, URL: https://stream1.freetv.fun/zhong-tian-xin-wen-1.ctv, Date: None, Resolution: None, Response Time: 60 ms
Name: 中天新闻台, URL: https://stream1.freetv.fun/zhong-tian-xin-wen-3.m3u8, Date: None, Resolution: None, Response Time: 60 ms
Name: 中天新闻台, URL: https://stream1.freetv.fun/zhong-tian-xin-wen-6.ctv, Date: None, Resolution: None, Response Time: 60 ms
Name: 中天新闻台, URL: https://stream1.freetv.fun/zhong-tian-xin-wen-5.m3u8, Date: None, Resolution: None, Response Time: 60 ms
Name: 中天新闻台, URL: https://stream1.freetv.fun/zhong-tian-xin-wen-7.ctv, Date: None, Resolution: None, Response Time: 60 ms
Name: 中天新闻台, URL: https://raw.githubusercontent.com/ChiSheng9/iptv/master/TV28.m3u8, Date: None, Resolution: None, Response Time: 28 ms
Name: 中天新闻台, URL: https://stream1.freetv.fun/0efa038ef8b00da22a46c019893c5170b1b49731e8b26ede0655c7f76e5dbfa7.m3u8, Date: None, Resolution: None, Response Time: 60 ms
Name: 中天新闻台, URL: https://stream1.freetv.fun/cbc18c441841a3f6774b895ef560a5d3e5d21ef76b9ae56ba73af893a29862cb.m3u8, Date: None, Resolution: None, Response Time: 60 ms
Name: 中天新闻台, URL: https://stream1.freetv.fun/zhong-tian-xin-wen-1.m3u8, Date: None, Resolution: None, Response Time: 60 ms
Name: 中天新闻台, URL: http://cdn.iptv8k.top/dl/jspd.php?id=23$1920x1080, Date: None, Resolution: 1920x1080, Response Time: 300 ms
Name: 中天亚洲, URL: http://ku9.fr.to/smt.php?id=ctiasia_twn$1920x1080, Date: None, Resolution: 1920x1080, Response Time: 150 ms
Name: 中天亚洲台, URL: http://ku9.fr.to/smt.php?id=ctiasia_twn$1920x1080, Date: None, Resolution: 1920x1080, Response Time: 150 ms
Name: 中天娱乐, URL: https://stream1.freetv.fun/zhong-tian-yu-le-3.m3u8, Date: None, Resolution: None, Response Time: 60 ms
Name: 中天综合台, URL: http://cookies.elementfx.com/chaojidianshi/chaojidianshi.php?id=ctizhonghe, Date: None, Resolution: None, Response Time: 388 ms
